[2015-10-19 15:56:58] START
[2015-10-19 15:57:39] CREATE tasks.py: 0
[2015-10-19 15:59:04] EDIT a0/models/tasks.py: 7
[2015-10-20 14:40:27] CREATE project2.py: 0
[2015-10-20 14:40:36] DELETE a0/models/project2.py: 0
[2015-10-20 14:41:22] CREATE modelcreate.py: 0
[2015-10-20 14:42:18] EDIT a0/models/modelcreate.py: 9
[2015-10-20 14:44:02] CREATE database_examples.py: 0
[2015-10-20 14:44:37] EDIT a0/controllers/database_examples.py: 4
[2015-10-20 14:46:14] CREATE database_examples/register_product.html: 0
[2015-10-20 14:46:26] EDIT a0/views/database_examples/register_product.html: 2
[2015-10-20 14:46:29] EDIT a0/views/database_examples/register_product.html: 0
[2015-10-20 14:46:32] EDIT a0/views/database_examples/register_product.html: -2
[2015-10-20 14:58:10] EDIT a0/views/database_examples/register_product.html: 0
[2015-10-20 15:47:33] EDIT a0/views/database_examples/register_product.html: 2
[2015-10-20 15:49:26] EDIT a0/views/database_examples/register_product.html: 2
[2015-10-20 15:50:40] EDIT a0/views/database_examples/register_product.html: 0
[2015-10-20 15:50:55] EDIT a0/views/database_examples/register_product.html: 0
[2015-10-20 15:53:02] EDIT a0/views/database_examples/register_product.html: 1
[2015-10-20 15:58:22] EDIT a0/views/database_examples/register_product.html: 0
[2015-10-20 16:00:43] EDIT a0/views/database_examples/register_product.html: 0
