[2015-10-15 16:20:33] START
[2015-10-15 16:20:47] CREATE project2.py: 0
[2015-10-15 16:21:12] EDIT test1/models/project2.py: 5
[2015-10-15 16:22:46] CREATE project_demo.py: 0
[2015-10-15 16:24:50] EDIT test1/controllers/project_demo.py: 12
[2015-10-15 16:25:17] EDIT test1/controllers/project_demo.py: 0
[2015-10-15 16:25:30] EDIT test1/controllers/project_demo.py: 0
[2015-10-15 16:26:06] EDIT test1/controllers/project_demo.py: 0
[2015-10-15 16:26:57] EDIT test1/controllers/project_demo.py: 0
[2015-10-15 16:28:19] CREATE project_demo/cropper.html: 0
[2015-10-15 23:22:11] UPLOAD C:/Users/moble/Downloads/web2py_win/web2py/applications/test1/static/js/jquery.js: 19
[2015-10-15 23:30:21] UPLOAD C:/Users/moble/Downloads/web2py_win/web2py/applications/test1/static/js/cropper.js: 17
[2015-10-15 23:34:10] UPLOAD C:/Users/moble/Downloads/web2py_win/web2py/applications/test1/static/css/cropper.css: 13
[2015-10-15 23:34:31] DELETE test1/static/css/cropper.css: -13
[2015-10-15 23:36:55] UPLOAD C:/Users/moble/Downloads/web2py_win/web2py/applications/test1/static/css/cropper.min.css: 13
[2015-10-15 23:37:23] EDIT test1/views/project_demo/cropper.html: 45
[2015-10-15 23:38:38] UPLOAD C:/Users/moble/Downloads/web2py_win/web2py/applications/test1/static/images/scenary.jpg: 6077
[2015-10-15 23:38:48] EDIT test1/views/project_demo/cropper.html: 0
[2015-10-15 23:40:43] EDIT test1/views/project_demo/cropper.html: 10
[2015-10-15 23:40:52] EDIT test1/views/project_demo/cropper.html: 0
[2015-10-15 23:46:00] EDIT test1/views/project_demo/cropper.html: 2
[2015-10-15 23:53:56] EDIT test1/static/js/cropper.js: 2052
[2015-10-15 23:54:43] EDIT test1/static/css/cropper.min.css: -4
[2015-10-15 23:55:37] EDIT test1/static/css/cropper.min.css: 0
[2015-10-15 23:55:37] EDIT test1/static/css/cropper.min.css: 0
[2015-10-15 23:56:24] EDIT test1/views/project_demo/cropper.html: -2
[2015-10-15 23:58:28] CREATE project_demo/image_upload.html: 0
[2015-10-15 23:59:09] EDIT test1/views/project_demo/image_upload.html: 51
[2015-10-16 00:01:37] EDIT test1/static/js/jquery.js: 7643
[2015-10-16 00:03:20] EDIT test1/views/project_demo/cropper.html: 0
[2015-10-16 00:04:43] EDIT test1/views/project_demo/cropper.html: 0
[2015-10-16 00:05:37] EDIT test1/views/project_demo/cropper.html: 0
[2015-10-16 00:06:21] EDIT test1/views/project_demo/cropper.html: 0
[2015-10-16 00:07:02] EDIT test1/views/project_demo/cropper.html: 0
[2015-10-16 00:09:46] EDIT test1/views/project_demo/cropper.html: 1
[2015-10-16 00:09:51] EDIT test1/views/project_demo/cropper.html: 0
[2015-10-16 00:10:43] EDIT test1/views/project_demo/cropper.html: 0
[2015-10-16 00:10:49] EDIT test1/views/project_demo/cropper.html: 0
[2015-10-16 00:17:28] EDIT test1/views/project_demo/cropper.html: 1
[2015-10-16 00:17:50] EDIT test1/views/project_demo/cropper.html: -1
[2015-10-16 00:18:42] EDIT test1/views/project_demo/cropper.html: 0
[2015-10-16 00:18:57] EDIT test1/views/project_demo/cropper.html: 0
[2015-10-16 00:19:31] EDIT test1/views/project_demo/cropper.html: 0
[2015-10-16 00:20:34] EDIT test1/views/project_demo/cropper.html: 0
[2015-10-16 00:20:45] EDIT test1/views/project_demo/cropper.html: 0
[2015-10-16 00:21:26] EDIT test1/views/project_demo/cropper.html: 0
[2015-10-16 00:21:40] EDIT test1/views/project_demo/cropper.html: 0
[2015-10-16 00:22:50] EDIT test1/views/project_demo/cropper.html: 0
[2015-10-16 00:23:26] EDIT test1/views/project_demo/cropper.html: 0
[2015-10-16 00:23:46] EDIT test1/views/project_demo/cropper.html: 0
[2015-10-16 00:29:33] EDIT test1/views/project_demo/cropper.html: 0
[2015-10-16 00:29:40] EDIT test1/views/project_demo/cropper.html: 0
[2015-10-16 00:30:35] EDIT test1/views/project_demo/cropper.html: 0
[2015-10-16 00:31:01] EDIT test1/views/project_demo/cropper.html: 0
[2015-10-16 00:31:10] EDIT test1/views/project_demo/cropper.html: 0
[2015-10-16 00:35:45] EDIT test1/controllers/project_demo.py: 5
[2015-10-16 00:36:46] EDIT test1/views/project_demo/cropper.html: 1
[2015-10-16 00:37:15] EDIT test1/views/project_demo/cropper.html: 0
[2015-10-16 00:38:03] EDIT test1/views/project_demo/cropper.html: 0
[2015-10-16 00:39:41] EDIT test1/views/project_demo/cropper.html: 0
[2015-10-16 00:47:08] EDIT test1/views/project_demo/cropper.html: 0
[2015-10-16 00:47:15] EDIT test1/views/project_demo/cropper.html: 0
[2015-10-16 00:47:30] EDIT test1/views/project_demo/cropper.html: 0
[2015-10-16 00:48:52] EDIT test1/views/project_demo/cropper.html: 0
[2015-10-16 00:49:35] EDIT test1/views/project_demo/cropper.html: 0
[2015-10-16 00:50:00] EDIT test1/views/project_demo/cropper.html: 0
[2015-10-16 00:50:13] EDIT test1/views/project_demo/cropper.html: 0
[2015-10-16 00:50:32] EDIT test1/views/project_demo/cropper.html: 0
[2015-10-16 00:51:00] EDIT test1/views/project_demo/cropper.html: 0
[2015-10-16 00:51:12] EDIT test1/views/project_demo/cropper.html: 0
[2015-10-16 00:52:37] EDIT test1/views/project_demo/cropper.html: 0
[2015-10-16 00:53:06] EDIT test1/views/project_demo/cropper.html: 0
[2015-10-16 00:53:24] EDIT test1/views/project_demo/cropper.html: 0
[2015-10-16 00:53:58] EDIT test1/views/project_demo/cropper.html: -1
[2015-10-16 00:54:37] EDIT test1/views/project_demo/cropper.html: -2
[2015-10-16 00:55:18] EDIT test1/views/project_demo/cropper.html: 0
[2015-10-16 00:55:22] EDIT test1/views/project_demo/cropper.html: 0
[2015-10-16 00:56:31] EDIT test1/views/project_demo/cropper.html: 0
[2015-10-16 00:57:13] EDIT test1/views/project_demo/cropper.html: 0
[2015-10-16 01:27:22] EDIT test1/views/project_demo/cropper.html: 0
[2015-10-16 01:27:38] EDIT test1/views/project_demo/cropper.html: 0
[2015-10-16 01:32:41] EDIT test1/views/project_demo/cropper.html: 1
[2015-10-16 01:33:52] EDIT test1/views/project_demo/cropper.html: 0
[2015-10-16 01:39:40] EDIT test1/controllers/project_demo.py: 0
[2015-10-16 01:42:33] EDIT test1/controllers/project_demo.py: 1
[2015-10-16 01:45:11] EDIT test1/controllers/project_demo.py: 0
[2015-10-16 01:47:04] EDIT test1/controllers/project_demo.py: 5
[2015-10-16 01:47:27] EDIT test1/controllers/project_demo.py: 0
[2015-10-16 01:50:34] EDIT test1/controllers/project_demo.py: 0
[2015-10-16 01:55:36] EDIT test1/controllers/project_demo.py: 0
[2015-10-16 01:59:33] EDIT test1/controllers/project_demo.py: 0
[2015-10-16 02:01:35] EDIT test1/controllers/project_demo.py: 3
[2015-10-16 02:01:46] EDIT test1/controllers/project_demo.py: 0
[2015-10-16 02:09:00] EDIT test1/controllers/project_demo.py: -1
[2015-10-16 02:09:36] EDIT test1/controllers/project_demo.py: 0
[2015-10-16 02:10:00] EDIT test1/controllers/project_demo.py: 1
[2015-10-16 02:10:16] EDIT test1/controllers/project_demo.py: 0
[2015-10-16 02:22:32] EDIT test1/views/project_demo/cropper.html: 0
[2015-10-16 02:23:15] EDIT test1/views/project_demo/cropper.html: 0
[2015-10-16 02:32:47] EDIT test1/controllers/project_demo.py: 1
[2015-10-16 02:34:03] EDIT test1/controllers/project_demo.py: 0
[2015-10-16 03:38:00] EDIT test1/controllers/project_demo.py: 0
[2015-10-16 03:59:18] CREATE project_demo/upload_demo.html: 0
[2015-10-16 04:01:25] EDIT test1/views/project_demo/upload_demo.html: 55
[2015-10-16 04:09:30] EDIT test1/views/project_demo/upload_demo.html: 43
[2015-10-16 04:09:50] EDIT test1/views/project_demo/upload_demo.html: 0
[2015-10-16 04:13:21] EDIT test1/views/project_demo/upload_demo.html: 14
[2015-10-16 04:27:06] EDIT test1/views/project_demo/upload_demo.html: 9
[2015-10-16 04:31:46] EDIT test1/views/project_demo/upload_demo.html: 0
[2015-10-16 04:31:53] EDIT test1/views/project_demo/upload_demo.html: 0
[2015-10-16 04:33:39] EDIT test1/views/project_demo/upload_demo.html: 0
[2015-10-16 04:34:22] EDIT test1/views/project_demo/upload_demo.html: -2
[2015-10-16 05:06:26] EDIT test1/views/project_demo/upload_demo.html: -1
[2015-10-16 05:09:37] EDIT test1/views/project_demo/upload_demo.html: 0
[2015-10-16 05:09:54] EDIT test1/views/project_demo/upload_demo.html: 1
[2015-10-16 05:12:13] EDIT test1/views/project_demo/upload_demo.html: 0
[2015-10-16 05:12:50] EDIT test1/views/project_demo/upload_demo.html: 0
[2015-10-16 05:12:52] EDIT test1/views/project_demo/upload_demo.html: 0
[2015-10-16 05:15:22] EDIT test1/views/project_demo/upload_demo.html: 0
[2015-10-16 05:16:32] EDIT test1/views/project_demo/upload_demo.html: 2
[2015-10-16 05:18:44] EDIT test1/views/project_demo/upload_demo.html: -3
[2015-10-16 05:21:31] EDIT test1/views/project_demo/image_upload.html: 67
[2015-10-16 05:22:17] EDIT test1/views/project_demo/image_upload.html: 0
[2015-10-16 05:22:40] EDIT test1/views/project_demo/image_upload.html: 1
[2015-10-16 05:25:43] EDIT test1/views/project_demo/image_upload.html: 0
[2015-10-16 05:35:06] EDIT test1/views/project_demo/image_upload.html: 1
[2015-10-16 05:35:17] EDIT test1/views/project_demo/image_upload.html: 0
[2015-10-16 05:38:21] EDIT test1/views/project_demo/image_upload.html: 0
[2015-10-16 05:41:41] EDIT test1/views/project_demo/image_upload.html: 0
[2015-10-16 05:42:43] EDIT test1/views/project_demo/image_upload.html: 0
[2015-10-16 05:42:57] EDIT test1/views/project_demo/image_upload.html: 0
[2015-10-16 05:44:01] EDIT test1/views/project_demo/image_upload.html: 0
[2015-10-16 05:45:27] EDIT test1/views/project_demo/upload_demo.html: 1
[2015-10-16 05:50:08] EDIT test1/views/project_demo/upload_demo.html: 0
[2015-10-16 05:51:32] EDIT test1/views/project_demo/upload_demo.html: 0
[2015-10-16 05:54:09] EDIT test1/views/project_demo/upload_demo.html: 2
[2015-10-16 05:57:01] EDIT test1/views/project_demo/upload_demo.html: -2
[2015-10-16 06:03:42] EDIT test1/views/project_demo/upload_demo.html: 0
[2015-10-16 06:04:10] EDIT test1/views/project_demo/upload_demo.html: 1
[2015-10-16 06:05:56] EDIT test1/views/project_demo/upload_demo.html: 0
[2015-10-16 06:06:53] EDIT test1/views/project_demo/upload_demo.html: -1
[2015-10-16 06:08:41] EDIT test1/views/project_demo/upload_demo.html: 2
[2015-10-16 06:09:34] EDIT test1/views/project_demo/upload_demo.html: -2
[2015-10-16 06:10:57] EDIT test1/views/project_demo/upload_demo.html: 0
[2015-10-16 06:13:28] EDIT test1/views/project_demo/upload_demo.html: 0
[2015-10-16 06:14:08] EDIT test1/views/project_demo/upload_demo.html: 0
[2015-10-16 06:14:27] EDIT test1/views/project_demo/upload_demo.html: 0
[2015-10-16 06:15:49] EDIT test1/views/project_demo/upload_demo.html: 0
[2015-10-16 07:10:49] EDIT test1/views/project_demo/upload_demo.html: 0
[2015-10-16 09:27:16] EDIT test1/views/project_demo/upload_demo.html: -41
[2015-10-16 09:37:40] EDIT test1/views/project_demo/upload_demo.html: 0
[2015-10-16 09:37:55] EDIT test1/views/project_demo/upload_demo.html: 0
[2015-10-16 09:39:42] EDIT test1/views/project_demo/upload_demo.html: 0
[2015-10-16 09:49:21] EDIT test1/views/project_demo/upload_demo.html: 0
[2015-10-16 09:50:36] EDIT test1/views/project_demo/upload_demo.html: -1
[2015-10-16 09:50:55] EDIT test1/views/project_demo/upload_demo.html: 0
[2015-10-16 09:53:28] EDIT test1/views/project_demo/upload_demo.html: 0
[2015-10-16 09:54:59] EDIT test1/views/project_demo/upload_demo.html: 1
[2015-10-16 09:55:56] EDIT test1/views/project_demo/upload_demo.html: 1
[2015-10-16 09:56:07] EDIT test1/views/project_demo/upload_demo.html: 0
[2015-10-16 11:14:38] EDIT test1/views/project_demo/upload_demo.html: 0
[2015-10-16 11:16:06] EDIT test1/views/project_demo/upload_demo.html: -1
[2015-10-16 11:16:28] EDIT test1/views/project_demo/upload_demo.html: -1
[2015-10-16 11:16:37] EDIT test1/views/project_demo/upload_demo.html: -1
[2015-10-16 11:17:40] EDIT test1/views/project_demo/upload_demo.html: 3
[2015-10-16 11:19:01] EDIT test1/views/project_demo/upload_demo.html: -1
[2015-10-16 11:19:47] EDIT test1/views/project_demo/upload_demo.html: 0
[2015-10-16 11:20:03] EDIT test1/views/project_demo/upload_demo.html: 0
[2015-10-16 11:20:55] EDIT test1/views/project_demo/upload_demo.html: 2
[2015-10-16 11:21:08] EDIT test1/views/project_demo/upload_demo.html: 0
[2015-10-16 11:22:00] EDIT test1/views/project_demo/upload_demo.html: 1
[2015-10-16 11:22:42] EDIT test1/views/project_demo/upload_demo.html: -2
[2015-10-16 11:39:25] EDIT test1/views/project_demo/upload_demo.html: 0
[2015-10-16 11:42:28] EDIT test1/views/project_demo/upload_demo.html: -1
[2015-10-16 11:42:32] EDIT test1/views/project_demo/upload_demo.html: 0
[2015-10-16 11:43:13] EDIT test1/views/project_demo/upload_demo.html: 1
[2015-10-16 11:47:12] EDIT test1/views/project_demo/upload_demo.html: -1
[2015-10-16 11:47:32] EDIT test1/views/project_demo/upload_demo.html: -1
[2015-10-16 11:48:23] EDIT test1/views/project_demo/upload_demo.html: -1
[2015-10-16 11:48:51] EDIT test1/views/project_demo/upload_demo.html: 1
[2015-10-16 12:16:18] EDIT test1/views/project_demo/upload_demo.html: 0
[2015-10-16 12:16:55] EDIT test1/views/project_demo/upload_demo.html: -1
[2015-10-16 12:52:07] EDIT test1/views/project_demo/upload_demo.html: 0
[2015-10-16 14:11:51] EDIT test1/views/project_demo/upload_demo.html: 0
[2015-10-16 14:19:59] EDIT test1/views/project_demo/upload_demo.html: 0
[2015-10-16 14:29:51] EDIT test1/views/project_demo/upload_demo.html: 1
[2015-10-16 19:52:39] EDIT test1/views/project_demo/upload_demo.html: 9
[2015-10-16 19:54:03] EDIT test1/views/project_demo/upload_demo.html: 1
[2015-10-16 19:54:18] EDIT test1/views/project_demo/upload_demo.html: 0
[2015-10-16 19:55:30] EDIT test1/views/project_demo/upload_demo.html: 0
[2015-10-16 19:55:38] EDIT test1/views/project_demo/upload_demo.html: 0
[2015-10-16 19:58:15] EDIT test1/views/project_demo/upload_demo.html: -1
[2015-10-16 20:04:18] EDIT test1/views/project_demo/upload_demo.html: 0
[2015-10-16 20:04:30] EDIT test1/views/project_demo/upload_demo.html: -1
[2015-10-16 20:12:18] EDIT test1/views/project_demo/upload_demo.html: -8
[2015-10-16 20:28:05] EDIT test1/views/project_demo/upload_demo.html: -1
[2015-10-16 20:31:07] EDIT test1/views/project_demo/upload_demo.html: 1
[2015-10-16 22:34:38] EDIT test1/views/project_demo/upload_demo.html: 1
[2015-10-16 22:48:17] EDIT test1/views/project_demo/upload_demo.html: 1
[2015-10-16 22:52:34] EDIT test1/views/project_demo/upload_demo.html: 2
[2015-10-16 23:00:04] EDIT test1/views/project_demo/upload_demo.html: 1
[2015-10-16 23:01:03] EDIT test1/views/project_demo/upload_demo.html: 0
[2015-10-16 23:01:09] EDIT test1/views/project_demo/upload_demo.html: 0
[2015-10-16 23:03:44] EDIT test1/views/project_demo/upload_demo.html: 0
[2015-10-16 23:08:17] EDIT test1/views/project_demo/upload_demo.html: -2
[2015-10-16 23:08:38] EDIT test1/views/project_demo/upload_demo.html: -1
[2015-10-16 23:12:50] EDIT test1/views/project_demo/upload_demo.html: 0
[2015-10-16 23:36:38] EDIT test1/views/project_demo/upload_demo.html: 1
[2015-10-16 23:37:14] EDIT test1/views/project_demo/upload_demo.html: 0
[2015-10-16 23:39:22] EDIT test1/views/project_demo/upload_demo.html: 0
[2015-10-16 23:40:10] EDIT test1/views/project_demo/upload_demo.html: 0
[2015-10-16 23:40:41] EDIT test1/views/project_demo/upload_demo.html: -1
[2015-10-16 23:53:11] EDIT test1/views/project_demo/upload_demo.html: 1
[2015-10-16 23:54:51] EDIT test1/views/project_demo/upload_demo.html: 1
[2015-10-16 23:58:54] EDIT test1/views/project_demo/upload_demo.html: -1
[2015-10-17 00:21:14] EDIT test1/views/project_demo/upload_demo.html: -2
[2015-10-17 00:22:33] EDIT test1/views/project_demo/upload_demo.html: 1
[2015-10-17 00:23:56] EDIT test1/views/project_demo/upload_demo.html: 4
[2015-10-17 00:24:42] EDIT test1/views/project_demo/upload_demo.html: 1
[2015-10-17 00:24:52] EDIT test1/views/project_demo/upload_demo.html: 0
[2015-10-17 00:25:02] EDIT test1/views/project_demo/upload_demo.html: -1
[2015-10-17 00:25:43] EDIT test1/views/project_demo/upload_demo.html: 1
[2015-10-17 00:26:56] EDIT test1/views/project_demo/upload_demo.html: 2
[2015-10-17 00:27:37] EDIT test1/views/project_demo/upload_demo.html: 0
[2015-10-17 00:27:46] EDIT test1/views/project_demo/upload_demo.html: 0
[2015-10-17 00:28:03] EDIT test1/views/project_demo/upload_demo.html: 0
[2015-10-17 00:33:34] EDIT test1/views/project_demo/upload_demo.html: 1
[2015-10-17 00:36:33] EDIT test1/views/project_demo/upload_demo.html: 1
[2015-10-17 00:37:26] EDIT test1/views/project_demo/upload_demo.html: 0
[2015-10-17 01:16:18] EDIT test1/views/project_demo/upload_demo.html: 1
[2015-10-17 01:16:54] EDIT test1/views/project_demo/upload_demo.html: 0
[2015-10-17 01:17:52] EDIT test1/views/project_demo/upload_demo.html: 0
[2015-10-17 01:18:10] EDIT test1/views/project_demo/upload_demo.html: 0
[2015-10-17 01:18:46] EDIT test1/views/project_demo/upload_demo.html: 0
[2015-10-17 01:25:49] EDIT test1/views/project_demo/upload_demo.html: 15
[2015-10-17 01:29:31] EDIT test1/views/project_demo/upload_demo.html: 1
[2015-10-17 01:39:20] EDIT test1/views/project_demo/image_upload.html: -31
[2015-10-17 01:54:23] EDIT test1/views/project_demo/image_upload.html: 5
[2015-10-17 01:54:41] EDIT test1/views/project_demo/image_upload.html: 0
[2015-10-17 01:54:52] EDIT test1/views/project_demo/image_upload.html: 0
[2015-10-17 01:55:29] EDIT test1/views/project_demo/image_upload.html: 0
[2015-10-17 01:55:54] EDIT test1/views/project_demo/image_upload.html: 0
[2015-10-17 01:58:05] EDIT test1/views/project_demo/image_upload.html: 2
[2015-10-17 02:22:47] EDIT test1/views/project_demo/image_upload.html: 1
[2015-10-17 02:23:12] EDIT test1/views/project_demo/image_upload.html: 0
[2015-10-17 02:23:52] EDIT test1/views/project_demo/image_upload.html: 0
[2015-10-17 02:24:32] EDIT test1/views/project_demo/image_upload.html: -16
[2015-10-17 02:25:34] EDIT test1/views/project_demo/image_upload.html: -4
[2015-10-17 02:25:52] EDIT test1/views/project_demo/image_upload.html: 0
[2015-10-17 02:28:27] EDIT test1/views/project_demo/image_upload.html: 0
[2015-10-17 03:22:23] EDIT test1/views/project_demo/image_upload.html: 12
[2015-10-17 03:26:37] EDIT test1/views/project_demo/image_upload.html: 1
[2015-10-17 03:27:27] EDIT test1/views/project_demo/image_upload.html: 0
[2015-10-17 03:29:40] EDIT test1/views/project_demo/image_upload.html: -2
[2015-10-17 03:30:21] EDIT test1/views/project_demo/image_upload.html: 0
[2015-10-17 03:33:07] EDIT test1/views/project_demo/image_upload.html: -1
[2015-10-17 03:34:10] EDIT test1/views/project_demo/image_upload.html: -11
[2015-10-17 03:35:41] EDIT test1/views/project_demo/image_upload.html: 1
[2015-10-17 03:48:02] EDIT test1/views/project_demo/upload_demo.html: -28
[2015-10-17 03:48:33] EDIT test1/views/project_demo/upload_demo.html: 0
[2015-10-17 03:48:43] EDIT test1/views/project_demo/upload_demo.html: 0
[2015-10-17 03:49:48] EDIT test1/views/project_demo/upload_demo.html: 0
[2015-10-17 03:50:10] EDIT test1/views/project_demo/upload_demo.html: 0
[2015-10-17 03:59:27] EDIT test1/views/project_demo/upload_demo.html: 10
[2015-10-17 04:00:25] EDIT test1/views/project_demo/upload_demo.html: 0
[2015-10-17 04:00:48] EDIT test1/views/project_demo/upload_demo.html: 1
[2015-10-17 04:03:19] EDIT test1/views/project_demo/cropper.html: 0
[2015-10-17 04:09:05] EDIT test1/views/project_demo/cropper.html: 0
[2015-10-17 04:09:19] EDIT test1/views/project_demo/cropper.html: 0
[2015-10-17 04:11:20] EDIT test1/views/project_demo/cropper.html: 0
[2015-10-17 04:17:45] EDIT test1/views/project_demo/upload_demo.html: 0
[2015-10-17 04:19:05] EDIT test1/views/project_demo/cropper.html: 0
[2015-10-17 04:19:24] EDIT test1/views/project_demo/upload_demo.html: -1
[2015-10-17 04:20:25] EDIT test1/views/project_demo/upload_demo.html: 0
[2015-10-17 04:26:58] EDIT test1/views/project_demo/upload_demo.html: -13
[2015-10-17 05:00:11] EDIT test1/views/project_demo/upload_demo.html: -1
[2015-10-17 05:06:18] EDIT test1/views/project_demo/upload_demo.html: 13
[2015-10-17 09:05:51] EDIT test1/views/project_demo/upload_demo.html: 1
[2015-10-17 09:08:00] EDIT test1/views/project_demo/upload_demo.html: -1
[2015-10-17 09:21:32] EDIT test1/views/project_demo/upload_demo.html: 3
[2015-10-17 09:22:53] EDIT test1/views/project_demo/upload_demo.html: 0
[2015-10-17 11:12:08] EDIT test1/views/project_demo/image_upload.html: 2
[2015-10-17 11:12:59] EDIT test1/views/project_demo/image_upload.html: 0
[2015-10-17 11:15:11] EDIT test1/views/project_demo/image_upload.html: 1
[2015-10-17 11:17:48] EDIT test1/views/project_demo/image_upload.html: 9
[2015-10-17 11:19:09] EDIT test1/views/project_demo/image_upload.html: 1
[2015-10-17 11:24:11] EDIT test1/views/project_demo/upload_demo.html: 1
[2015-10-18 00:18:58] EDIT test1/views/project_demo/upload_demo.html: -1
[2015-10-19 10:56:21] CREATE project_demo/display_ajax.html: 0
[2015-10-19 13:18:05] UPLOAD /home/sourav/web2py/applications/test2/modules/scheduler.py: 1339
[2015-10-19 13:20:16] DELETE test2/modules/scheduler.py: -1339
[2015-10-19 13:58:22] CREATE sc.py: 0
[2015-10-19 13:58:27] DELETE test2/models/sc.py: 0
[2015-10-19 13:58:36] CREATE schedular.py: 0
[2015-10-19 13:59:46] EDIT test2/models/schedular.py: 4
[2015-10-19 15:41:29] EDIT test2/models/schedular.py: 3
[2015-10-19 15:54:26] EDIT test2/models/schedular.py: 0
[2015-10-19 15:55:08] EDIT test2/models/schedular.py: 0
[2015-10-19 15:55:57] EDIT test2/models/schedular.py: 0
[2015-10-20 18:24:52] EDIT test2/views/project_demo/upload_demo.html: 2
[2015-10-20 19:08:51] EDIT test2/views/project_demo/upload_demo.html: -8
[2015-10-20 19:09:25] EDIT test2/views/project_demo/upload_demo.html: -8
[2015-10-20 19:09:29] EDIT test2/views/project_demo/upload_demo.html: 0
[2015-10-20 19:11:18] EDIT test2/views/project_demo/upload_demo.html: 4
[2015-10-20 19:12:19] EDIT test2/views/project_demo/upload_demo.html: -6
[2015-10-20 19:12:31] EDIT test2/views/project_demo/upload_demo.html: -1
[2015-10-20 19:12:58] EDIT test2/views/project_demo/upload_demo.html: 0
[2015-10-20 19:13:18] EDIT test2/views/project_demo/upload_demo.html: 0
[2015-10-20 19:17:00] EDIT test2/views/project_demo/upload_demo.html: 0
[2015-10-21 17:38:11] EDIT test3/controllers/project_demo.py: 0
[2015-10-21 17:47:29] EDIT test3/controllers/project_demo.py: 3
[2015-10-21 17:49:11] EDIT test3/controllers/project_demo.py: 0
[2015-10-21 17:49:41] EDIT test3/controllers/project_demo.py: 0
[2015-10-21 17:50:02] EDIT test3/controllers/project_demo.py: 0
[2015-10-21 17:50:55] EDIT test3/controllers/project_demo.py: 0
[2015-10-21 17:53:29] EDIT test3/controllers/project_demo.py: 0
[2015-10-21 17:54:09] EDIT test3/controllers/project_demo.py: 0
[2015-10-21 17:56:36] EDIT test3/controllers/project_demo.py: 0
[2015-10-21 17:56:42] EDIT test3/controllers/project_demo.py: 0
[2015-10-21 17:57:33] EDIT test3/controllers/project_demo.py: 0
[2015-10-21 18:02:22] EDIT test3/controllers/project_demo.py: 2
[2015-10-21 18:04:03] EDIT test3/controllers/project_demo.py: -2
[2015-10-21 18:04:12] EDIT test3/controllers/project_demo.py: 0
[2015-10-21 18:04:22] EDIT test3/controllers/project_demo.py: 0
[2015-10-21 18:04:41] EDIT test3/controllers/project_demo.py: 0
[2015-10-21 18:05:13] EDIT test3/controllers/project_demo.py: -1
[2015-10-21 18:06:29] EDIT test3/controllers/project_demo.py: 0
[2015-10-21 18:08:12] EDIT test3/controllers/project_demo.py: 1
[2015-10-21 18:09:00] EDIT test3/controllers/project_demo.py: 2
[2015-10-21 18:21:05] EDIT test3/controllers/project_demo.py: 1
[2015-10-21 18:24:24] EDIT test3/controllers/project_demo.py: 3
[2015-10-21 18:24:40] EDIT test3/controllers/project_demo.py: 0
[2015-10-21 21:14:02] EDIT test3/controllers/project_demo.py: -3
[2015-10-21 21:14:24] EDIT test3/controllers/project_demo.py: 1
[2015-10-21 21:15:35] EDIT test3/controllers/project_demo.py: 0
[2015-10-21 21:25:21] EDIT test3/controllers/project_demo.py: 0
[2015-10-21 21:25:37] EDIT test3/controllers/project_demo.py: 0
[2015-10-21 21:25:52] EDIT test3/controllers/project_demo.py: 0
[2015-10-22 11:40:32] EDIT test3/models/project2.py: 2
[2015-10-22 11:40:39] EDIT test3/models/project2.py: 0
[2015-10-22 11:41:41] EDIT test3/controllers/project_demo.py: 0
[2015-10-22 11:43:42] EDIT test3/controllers/project_demo.py: 2
[2015-10-22 11:49:08] EDIT test3/controllers/project_demo.py: 6
[2015-10-22 11:49:16] EDIT test3/controllers/project_demo.py: 0
[2015-10-22 11:49:22] EDIT test3/controllers/project_demo.py: 0
[2015-10-22 11:53:44] EDIT test3/controllers/project_demo.py: -2
[2015-10-22 11:57:32] EDIT test3/models/project2.py: -1
[2015-10-22 12:22:44] EDIT test3/controllers/project_demo.py: -3
[2015-10-22 12:24:26] EDIT test3/controllers/project_demo.py: 0
[2015-10-22 12:28:07] EDIT test3/controllers/project_demo.py: 1
[2015-10-22 12:29:10] EDIT test3/controllers/project_demo.py: 0
[2015-10-22 12:44:18] EDIT test3/controllers/project_demo.py: 0
[2015-10-22 12:44:33] EDIT test3/controllers/project_demo.py: 0
[2015-10-22 12:44:56] EDIT test3/controllers/project_demo.py: 0
[2015-10-22 12:53:22] EDIT test3/controllers/project_demo.py: 1
[2015-10-22 12:54:33] EDIT test3/controllers/project_demo.py: 2
[2015-10-22 13:53:32] EDIT test3/views/project_demo/upload_demo.html: 0
[2015-10-22 13:54:23] EDIT test3/controllers/project_demo.py: -8
[2015-10-22 13:55:15] EDIT test3/controllers/project_demo.py: 1
[2015-10-22 13:56:29] EDIT test3/controllers/project_demo.py: -10
[2015-10-22 13:57:13] EDIT test3/controllers/project_demo.py: 0
[2015-10-22 13:58:41] EDIT test3/views/project_demo/upload_demo.html: 0
[2015-10-22 14:09:28] EDIT test3/controllers/project_demo.py: 3
[2015-10-22 14:16:40] EDIT test3/controllers/project_demo.py: 1
[2015-10-22 14:17:30] EDIT test3/controllers/project_demo.py: 1
[2015-10-22 14:18:26] EDIT test3/controllers/project_demo.py: 1
[2015-10-22 14:18:46] EDIT test3/views/project_demo/upload_demo.html: 0
[2015-10-22 14:19:36] EDIT test3/views/project_demo/upload_demo.html: 0
[2015-10-22 14:20:24] EDIT test3/views/project_demo/upload_demo.html: 0
[2015-10-22 14:21:16] EDIT test3/views/project_demo/upload_demo.html: 0
[2015-10-22 14:21:56] EDIT test3/views/project_demo/upload_demo.html: 0
[2015-10-22 14:22:22] EDIT test3/views/project_demo/upload_demo.html: 0
[2015-10-22 14:22:38] EDIT test3/views/project_demo/upload_demo.html: 0
[2015-10-22 14:25:45] EDIT test3/controllers/project_demo.py: 1
[2015-10-22 14:26:04] EDIT test3/controllers/project_demo.py: 1
[2015-10-22 14:28:00] EDIT test3/controllers/project_demo.py: 0
[2015-10-22 14:28:32] EDIT test3/controllers/project_demo.py: -1
[2015-10-22 14:29:29] EDIT test3/controllers/project_demo.py: 1
[2015-10-22 14:30:04] EDIT test3/controllers/project_demo.py: 1
[2015-10-22 14:35:06] EDIT test3/controllers/project_demo.py: 2
[2015-10-22 14:40:18] EDIT test3/controllers/project_demo.py: 2
[2015-10-22 14:42:47] EDIT test3/controllers/project_demo.py: 0
[2015-10-22 14:43:15] EDIT test3/controllers/project_demo.py: 0
[2015-10-22 14:45:35] EDIT test3/controllers/project_demo.py: 2
[2015-10-22 14:45:40] EDIT test3/controllers/project_demo.py: 0
[2015-10-22 15:06:28] EDIT test3/views/project_demo/upload_demo.html: 0
[2015-10-22 16:29:03] EDIT test3/views/project_demo/upload_demo.html: 0
[2015-10-22 16:30:35] EDIT test3/views/project_demo/upload_demo.html: 1
[2015-10-22 16:36:28] EDIT test3/views/project_demo/upload_demo.html: 3
[2015-10-22 16:44:39] EDIT test3/views/project_demo/upload_demo.html: 1
[2015-10-22 16:53:18] EDIT test3/views/project_demo/upload_demo.html: 0
[2015-10-22 16:54:58] EDIT test3/views/project_demo/upload_demo.html: 0
[2015-10-22 16:58:10] EDIT test3/views/project_demo/upload_demo.html: -3
[2015-10-22 17:01:33] EDIT test3/views/project_demo/upload_demo.html: 4
[2015-10-22 17:03:37] EDIT test3/views/project_demo/upload_demo.html: -4
[2015-10-22 17:10:43] EDIT test3/views/project_demo/upload_demo.html: 4
[2015-10-22 17:11:08] EDIT test3/views/project_demo/upload_demo.html: 0
[2015-10-22 20:20:34] EDIT test3/views/project_demo/upload_demo.html: 2
[2015-10-22 20:29:45] EDIT test3/views/project_demo/upload_demo.html: 0
[2015-10-22 20:30:05] EDIT test3/views/project_demo/upload_demo.html: -4
[2015-10-22 20:33:07] EDIT test3/views/project_demo/upload_demo.html: 0
[2015-10-23 05:39:11] EDIT test3/views/project_demo/upload_demo.html: 2
[2015-10-23 05:39:55] EDIT test3/views/project_demo/upload_demo.html: 0
[2015-10-23 05:44:03] EDIT test3/views/project_demo/upload_demo.html: 3
[2015-10-23 05:45:49] EDIT test3/views/project_demo/upload_demo.html: 0
[2015-10-23 06:38:26] EDIT test3/controllers/project_demo.py: 0
[2015-10-23 06:40:36] EDIT test3/controllers/project_demo.py: 0
[2015-10-23 06:42:21] EDIT test3/controllers/project_demo.py: 1
[2015-10-23 06:46:43] EDIT test3/controllers/project_demo.py: 0
[2015-10-23 06:48:45] EDIT test3/controllers/project_demo.py: 0
[2015-10-23 12:09:48] EDIT test3/views/project_demo/upload_demo.html: 2
[2015-10-23 12:17:01] EDIT test3/controllers/project_demo.py: 2
[2015-10-23 12:17:22] EDIT test3/controllers/project_demo.py: 0
[2015-10-23 12:17:48] EDIT test3/controllers/project_demo.py: 0
[2015-10-23 12:20:08] EDIT test3/controllers/project_demo.py: 0
[2015-10-23 12:22:48] EDIT test3/views/project_demo/upload_demo.html: 0
[2015-10-23 12:25:15] EDIT test3/views/project_demo/upload_demo.html: 0
[2015-10-23 12:25:44] EDIT test3/controllers/project_demo.py: 0
[2015-10-23 12:26:09] EDIT test3/controllers/project_demo.py: 0
[2015-10-23 12:29:35] EDIT test3/views/project_demo/upload_demo.html: 0
[2015-10-23 12:30:30] EDIT test3/views/project_demo/upload_demo.html: 0
[2015-10-23 12:31:51] EDIT test3/views/project_demo/upload_demo.html: 1
[2015-10-23 12:33:06] EDIT test3/controllers/project_demo.py: 0
[2015-10-23 12:34:50] EDIT test3/views/project_demo/upload_demo.html: 0
[2015-10-23 12:39:05] EDIT test3/views/project_demo/upload_demo.html: -1
[2015-10-23 12:41:19] EDIT test3/controllers/project_demo.py: 3
[2015-10-23 16:41:59] EDIT test3/controllers/project_demo.py: 0
[2015-10-23 16:43:31] EDIT test3/controllers/project_demo.py: 0
[2015-10-23 16:45:43] EDIT test3/controllers/project_demo.py: -1
[2015-10-23 16:47:35] EDIT test3/controllers/project_demo.py: 0
[2015-10-23 16:55:44] EDIT test3/controllers/project_demo.py: 0
[2015-10-23 16:55:59] EDIT test3/controllers/project_demo.py: 0
[2015-10-23 17:10:10] EDIT test3/controllers/project_demo.py: 1
[2015-10-23 17:12:01] EDIT test3/controllers/project_demo.py: 0
[2015-10-23 17:13:55] EDIT test3/controllers/project_demo.py: -3
[2015-10-23 17:14:57] EDIT test3/controllers/project_demo.py: 0
[2015-10-23 17:35:02] EDIT test3/views/project_demo/upload_demo.html: 0
[2015-10-23 17:41:02] EDIT test3/views/project_demo/upload_demo.html: 0
[2015-10-23 17:46:23] EDIT test3/controllers/project_demo.py: 3
[2015-10-23 17:51:34] EDIT test3/controllers/project_demo.py: 3
[2015-10-23 17:52:21] EDIT test3/controllers/project_demo.py: 1
[2015-10-23 18:02:26] EDIT test3/controllers/project_demo.py: 0
[2015-10-23 18:04:36] EDIT test3/controllers/project_demo.py: 0
[2015-10-23 18:04:47] EDIT test3/controllers/project_demo.py: 0
[2015-10-23 18:06:00] EDIT test3/controllers/project_demo.py: 0
[2015-10-23 18:14:14] EDIT test3/controllers/project_demo.py: 1
[2015-10-23 18:16:23] EDIT test3/controllers/project_demo.py: 0
[2015-10-23 18:20:30] EDIT test3/controllers/project_demo.py: 0
[2015-10-23 18:20:55] EDIT test3/controllers/project_demo.py: 0
[2015-10-23 18:21:00] EDIT test3/controllers/project_demo.py: 0
[2015-10-23 18:29:08] EDIT test3/controllers/project_demo.py: 0
[2015-10-23 18:31:15] EDIT test3/controllers/project_demo.py: 0
[2015-10-23 18:38:59] EDIT test3/controllers/project_demo.py: 1
[2015-10-23 18:39:54] EDIT test3/controllers/project_demo.py: 0
[2015-10-23 18:39:58] EDIT test3/controllers/project_demo.py: 0
[2015-10-23 18:40:41] EDIT test3/controllers/project_demo.py: 0
[2015-10-23 18:42:08] EDIT test3/controllers/project_demo.py: 0
[2015-10-23 18:50:11] EDIT test3/controllers/project_demo.py: 1
[2015-10-23 19:30:48] EDIT test3/controllers/project_demo.py: 4
[2015-10-23 19:31:07] EDIT test3/controllers/project_demo.py: 0
[2015-10-23 19:31:12] EDIT test3/controllers/project_demo.py: 0
[2015-10-23 19:31:34] EDIT test3/controllers/project_demo.py: 0
[2015-10-23 19:33:00] EDIT test3/controllers/project_demo.py: 0
[2015-10-23 19:34:15] EDIT test3/controllers/project_demo.py: 0
[2015-10-23 19:35:33] EDIT test3/controllers/project_demo.py: 1
[2015-10-23 19:36:29] EDIT test3/controllers/project_demo.py: 2
[2015-10-23 19:40:46] EDIT test3/controllers/project_demo.py: 1
[2015-10-23 19:43:24] EDIT test3/controllers/project_demo.py: 3
[2015-10-23 19:45:14] EDIT test3/controllers/project_demo.py: -3
[2015-10-23 19:48:57] EDIT test3/controllers/project_demo.py: 4
[2015-10-23 19:49:23] EDIT test3/controllers/project_demo.py: 0
[2015-10-24 07:42:40] EDIT test3/controllers/project_demo.py: -8
[2015-10-24 08:04:12] EDIT test3/controllers/project_demo.py: 4
[2015-10-24 08:05:55] EDIT test3/controllers/project_demo.py: 0
[2015-10-24 08:08:06] EDIT test3/controllers/project_demo.py: 0
[2015-10-24 08:09:20] EDIT test3/controllers/project_demo.py: 0
[2015-10-24 08:12:14] EDIT test3/controllers/project_demo.py: 0
[2015-10-24 08:13:26] EDIT test3/controllers/project_demo.py: 0
[2015-10-24 08:26:34] EDIT test3/controllers/project_demo.py: 0
[2015-10-24 08:36:30] EDIT test3/controllers/project_demo.py: 2
[2015-10-24 08:41:06] EDIT test3/controllers/project_demo.py: 0
[2015-10-24 08:44:45] EDIT test3/controllers/project_demo.py: 0
[2015-10-24 08:45:50] EDIT test3/controllers/project_demo.py: 0
[2015-10-24 08:47:21] EDIT test3/controllers/project_demo.py: 0
[2015-10-24 11:40:08] EDIT test3/controllers/project_demo.py: 1
[2015-10-24 12:51:12] EDIT test3/controllers/project_demo.py: -2
[2015-10-24 12:53:15] EDIT test3/controllers/project_demo.py: -3
[2015-10-24 12:55:52] EDIT test3/controllers/project_demo.py: 1
[2015-10-24 13:09:27] EDIT test3/controllers/project_demo.py: 3
[2015-10-24 13:15:00] EDIT test3/controllers/project_demo.py: 0
[2015-10-24 13:17:35] EDIT test3/controllers/project_demo.py: 0
[2015-10-24 13:18:24] EDIT test3/controllers/project_demo.py: 0
[2015-10-24 13:19:53] EDIT test3/controllers/project_demo.py: 1
[2015-10-24 13:20:09] EDIT test3/controllers/project_demo.py: 0
[2015-10-24 13:20:35] EDIT test3/controllers/project_demo.py: 0
[2015-10-24 13:21:11] EDIT test3/controllers/project_demo.py: 0
[2015-10-24 13:21:51] EDIT test3/controllers/project_demo.py: 0
[2015-10-24 13:26:42] EDIT test3/controllers/project_demo.py: 0
[2015-10-24 13:26:49] EDIT test3/controllers/project_demo.py: 0
[2015-10-24 13:30:38] EDIT test3/controllers/project_demo.py: 0
[2015-10-24 13:32:23] EDIT test3/controllers/project_demo.py: 0
[2015-10-24 13:35:42] EDIT test3/controllers/project_demo.py: 0
[2015-10-24 13:36:18] EDIT test3/models/project2.py: 2
[2015-10-26 11:43:28] EDIT test3/models/project2.py: 1
[2015-10-26 12:11:31] EDIT test3/controllers/project_demo.py: 7
[2015-10-26 12:11:52] EDIT test3/controllers/project_demo.py: 0
[2015-10-26 12:14:13] EDIT test3/controllers/project_demo.py: 0
[2015-10-26 12:15:29] EDIT test3/controllers/project_demo.py: 0
[2015-10-26 13:34:25] EDIT schedulerproject/controllers/project_demo.py: -14
[2015-10-26 13:35:11] DELETE schedulerproject/views/project_demo/image_upload.html: -93
[2015-10-26 13:35:17] DELETE schedulerproject/views/project_demo/display_ajax.html: -3
[2015-10-26 13:35:24] DELETE schedulerproject/views/project_demo/cropper.html: -58
[2015-10-26 13:36:57] DELETE schedulerproject/models/schedular.py: -7
[2015-10-26 13:37:06] CREATE scheduler.py: 0
[2015-10-26 13:43:08] EDIT schedulerproject/models/scheduler.py: 7
[2015-10-26 13:51:47] EDIT schedulerproject/models/scheduler.py: 0
[2015-10-26 14:04:34] EDIT schedulerproject/models/scheduler.py: 6
[2015-10-26 14:16:54] EDIT schedulerproject/models/scheduler.py: 9
[2015-10-26 15:42:53] EDIT schedulerproject/models/scheduler.py: 6
[2015-10-26 15:43:21] EDIT schedulerproject/models/scheduler.py: 0
[2015-10-26 15:44:57] EDIT schedulerproject/models/scheduler.py: -4
[2015-10-26 15:45:45] EDIT schedulerproject/models/scheduler.py: 0
[2015-10-26 15:46:50] EDIT schedulerproject/models/scheduler.py: 0
[2015-10-26 16:09:42] EDIT schedulerproject/models/scheduler.py: 8
[2015-10-26 16:10:03] EDIT schedulerproject/models/scheduler.py: 0
[2015-10-26 16:11:29] EDIT schedulerproject/models/scheduler.py: 1
[2015-10-26 16:15:23] EDIT schedulerproject/models/scheduler.py: 2
[2015-10-26 16:15:38] EDIT schedulerproject/models/scheduler.py: 0
[2015-10-26 16:29:35] EDIT schedulerproject/models/scheduler.py: -1
[2015-10-26 16:29:53] EDIT schedulerproject/models/scheduler.py: 0
[2015-10-26 16:30:11] EDIT schedulerproject/models/scheduler.py: -1
[2015-10-26 16:30:35] EDIT schedulerproject/models/scheduler.py: 0
[2015-10-26 16:30:49] EDIT schedulerproject/models/scheduler.py: 0
[2015-10-26 16:31:27] EDIT schedulerproject/models/scheduler.py: 1
[2015-10-26 16:31:37] EDIT schedulerproject/models/scheduler.py: 0
[2015-10-26 16:38:59] EDIT schedulerproject/models/scheduler.py: 0
[2015-10-26 16:39:09] EDIT schedulerproject/models/scheduler.py: 0
[2015-10-26 16:39:37] EDIT schedulerproject/models/scheduler.py: 0
[2015-10-26 16:39:50] EDIT schedulerproject/models/scheduler.py: 0
[2015-10-26 16:41:06] EDIT schedulerproject/models/scheduler.py: 0
[2015-10-26 16:48:42] EDIT schedulerproject/models/scheduler.py: 0
[2015-10-26 16:51:23] EDIT schedulerproject/models/scheduler.py: 0
[2015-10-26 16:51:51] EDIT schedulerproject/models/scheduler.py: 0
[2015-10-26 16:59:45] EDIT schedulerproject/models/scheduler.py: 1
[2015-10-26 17:00:40] EDIT schedulerproject/models/scheduler.py: 0
[2015-10-26 17:06:52] EDIT schedulerproject/models/scheduler.py: 0
[2015-10-26 17:07:14] EDIT schedulerproject/models/scheduler.py: 0
[2015-10-26 17:07:39] EDIT schedulerproject/models/scheduler.py: 0
[2015-10-26 17:08:23] EDIT schedulerproject/models/scheduler.py: 0
[2015-10-26 17:22:41] EDIT schedulerproject/models/scheduler.py: 0
[2015-10-26 17:23:30] EDIT schedulerproject/models/scheduler.py: 0
[2015-10-26 17:35:43] EDIT schedulerproject/models/scheduler.py: 0
[2015-10-26 17:38:26] EDIT schedulerproject/models/scheduler.py: 0
[2015-10-26 17:38:45] EDIT schedulerproject/models/scheduler.py: 0
[2015-10-26 17:47:20] EDIT schedulerproject/models/scheduler.py: 0
[2015-10-26 17:47:46] EDIT schedulerproject/models/scheduler.py: 0
[2015-10-26 17:53:02] EDIT schedulerproject/models/scheduler.py: 1
[2015-10-26 17:53:49] EDIT schedulerproject/models/scheduler.py: 0
[2015-10-26 17:54:10] EDIT schedulerproject/models/scheduler.py: 0
[2015-10-26 18:54:10] EDIT schedulerproject/models/project2.py: 4
[2015-10-26 18:55:47] EDIT schedulerproject/models/scheduler.py: 1
[2015-10-26 19:03:10] EDIT schedulerproject/models/scheduler.py: 1
[2015-10-26 19:03:17] EDIT schedulerproject/models/scheduler.py: 0
[2015-10-26 19:03:41] EDIT schedulerproject/models/scheduler.py: 0
[2015-10-26 19:15:02] EDIT schedulerproject/models/scheduler.py: 0
[2015-10-26 19:15:15] EDIT schedulerproject/models/scheduler.py: 1
[2015-10-26 19:30:33] EDIT schedulerproject/models/scheduler.py: 0
